<?xml version="1.0" encoding="UTF-8"?>
<!-- Generated by org.testng.reporters.JUnitReportReporter -->
<testsuite hostname="Athul_Sebastian" failures="0" tests="1" name="org.ats.ecom_testing.tests.RegisterAndCheckoutTest" time="49.084" errors="0" timestamp="2025-07-15T13:23:06 IST" skipped="0">
  <testcase classname="org.ats.ecom_testing.tests.RegisterAndCheckoutTest" name="registerThenPlaceOrderTest" time="49.084"/>
</testsuite> <!-- org.ats.ecom_testing.tests.RegisterAndCheckoutTest -->
