<?xml version="1.0" encoding="UTF-8"?>
<!-- Generated by org.testng.reporters.JUnitReportReporter -->
<testsuite hostname="Athul_Sebastian" failures="0" tests="1" name="org.ats.ecom_testing.tests.LoginWithCorrectCreds" time="28.683" errors="0" timestamp="2025-07-14T19:03:49 IST" skipped="0">
  <testcase classname="org.ats.ecom_testing.tests.LoginWithCorrectCreds" name="loginWithCorrectCredentials" time="28.683"/>
</testsuite> <!-- org.ats.ecom_testing.tests.LoginWithCorrectCreds -->
