<?xml version="1.0" encoding="UTF-8"?>
<!-- Generated by org.testng.reporters.JUnitReportReporter -->
<testsuite hostname="Athul_Sebastian" failures="0" tests="1" name="org.ats.ecom_testing.tests.LogoutSuccessTest" time="34.362" errors="0" timestamp="2025-07-14T19:03:49 IST" skipped="0">
  <testcase classname="org.ats.ecom_testing.tests.LogoutSuccessTest" name="logoutSuccessfully" time="34.362"/>
</testsuite> <!-- org.ats.ecom_testing.tests.LogoutSuccessTest -->
