<?xml version="1.0" encoding="UTF-8"?>
<!-- Generated by org.testng.reporters.JUnitReportReporter -->
<testsuite hostname="Athul_Sebastian" failures="0" tests="1" name="org.ats.ecom_testing.tests.ProductQuantityInCartTest" time="25.796" errors="0" timestamp="2025-07-14T19:02:21 IST" skipped="0">
  <testcase classname="org.ats.ecom_testing.tests.ProductQuantityInCartTest" name="productQuantityTest" time="25.796"/>
</testsuite> <!-- org.ats.ecom_testing.tests.ProductQuantityInCartTest -->
