<?xml version="1.0" encoding="UTF-8"?>
<!-- Generated by org.testng.reporters.JUnitReportReporter -->
<testsuite hostname="Athul_Sebastian" failures="0" tests="1" name="org.ats.ecom_testing.tests.SubscriptionTestInCart" time="20.822" errors="0" timestamp="2025-07-14T18:38:41 IST" skipped="0">
  <testcase classname="org.ats.ecom_testing.tests.SubscriptionTestInCart" name="subscriptionTest" time="20.822"/>
</testsuite> <!-- org.ats.ecom_testing.tests.SubscriptionTestInCart -->
