<?xml version="1.0" encoding="UTF-8"?>
<!-- Generated by org.testng.reporters.JUnitReportReporter -->
<testsuite hostname="Athul_Sebastian" failures="0" tests="1" name="org.ats.ecom_testing.tests.RemoveProductsTest" time="20.861" errors="0" timestamp="2025-07-12T17:33:10 IST" skipped="0">
  <testcase classname="org.ats.ecom_testing.tests.RemoveProductsTest" name="removeProductFromCartTest" time="20.861"/>
</testsuite> <!-- org.ats.ecom_testing.tests.RemoveProductsTest -->
