<?xml version="1.0" encoding="UTF-8"?>
<!-- Generated by org.testng.reporters.JUnitReportReporter -->
<testsuite hostname="Athul_Sebastian" failures="0" tests="1" name="org.ats.ecom_testing.tests.AddRecommendedProducts" time="22.028" errors="0" timestamp="2025-07-15T13:02:43 IST" skipped="0">
  <testcase classname="org.ats.ecom_testing.tests.AddRecommendedProducts" name="addRecommendedProducts" time="22.028"/>
</testsuite> <!-- org.ats.ecom_testing.tests.AddRecommendedProducts -->
