<?xml version="1.0" encoding="UTF-8"?>
<!-- Generated by org.testng.reporters.JUnitReportReporter -->
<testsuite hostname="Athul_Sebastian" failures="0" tests="1" name="org.ats.ecom_testing.tests.VerifyCartAfterLoginTest" time="65.170" errors="0" timestamp="2025-07-12T18:17:03 IST" skipped="0">
  <testcase classname="org.ats.ecom_testing.tests.VerifyCartAfterLoginTest" name="verifyCartAfterLogin" time="65.170"/>
</testsuite> <!-- org.ats.ecom_testing.tests.VerifyCartAfterLoginTest -->
