<?xml version="1.0" encoding="UTF-8"?>
<!-- Generated by org.testng.reporters.JUnitReportReporter -->
<testsuite hostname="Athul_Sebastian" failures="0" tests="1" name="org.ats.ecom_testing.tests.RegisterAndCheckoutTest" time="54.208" errors="0" timestamp="2025-07-13T20:01:21 IST" skipped="0">
  <testcase classname="org.ats.ecom_testing.tests.RegisterAndCheckoutTest" name="registerThenPlaceOrderTest" time="54.208"/>
</testsuite> <!-- org.ats.ecom_testing.tests.RegisterAndCheckoutTest -->
