<?xml version="1.0" encoding="UTF-8"?>
<!-- Generated by org.testng.reporters.JUnitReportReporter -->
<testsuite hostname="Athul_Sebastian" failures="0" tests="1" name="org.ats.ecom_testing.tests.LoginWithIncorrectCreds" time="51.458" errors="0" timestamp="2025-07-14T19:03:49 IST" skipped="0">
  <testcase classname="org.ats.ecom_testing.tests.LoginWithIncorrectCreds" name="loginWithIncorrectCredentials" time="51.458"/>
</testsuite> <!-- org.ats.ecom_testing.tests.LoginWithIncorrectCreds -->
