<?xml version="1.0" encoding="UTF-8"?>
<!-- Generated by org.testng.reporters.JUnitReportReporter -->
<testsuite hostname="Athul_Sebastian" failures="0" tests="1" name="org.ats.ecom_testing.tests.VerifyProductCategoriesTest" time="47.939" errors="0" timestamp="2025-07-13T20:44:37 IST" skipped="0">
  <testcase classname="org.ats.ecom_testing.tests.VerifyProductCategoriesTest" name="verifyProductCategoriesTest" time="47.939"/>
</testsuite> <!-- org.ats.ecom_testing.tests.VerifyProductCategoriesTest -->
