<?xml version="1.0" encoding="UTF-8"?>
<!-- Generated by org.testng.reporters.JUnitReportReporter -->
<testsuite hostname="Athul_Sebastian" failures="0" tests="1" name="org.ats.ecom_testing.tests.ProductBrandTest" time="40.180" errors="0" timestamp="2025-07-14T18:39:44 IST" skipped="0">
  <testcase classname="org.ats.ecom_testing.tests.ProductBrandTest" name="productBrandTest" time="40.180"/>
</testsuite> <!-- org.ats.ecom_testing.tests.ProductBrandTest -->
