<?xml version="1.0" encoding="UTF-8"?>
<!-- Generated by org.testng.reporters.JUnitReportReporter -->
<testsuite hostname="Athul_Sebastian" failures="0" tests="1" name="org.ats.ecom_testing.tests.VerifyProductCategoriesTest" time="39.443" errors="0" timestamp="2025-07-14T18:39:44 IST" skipped="0">
  <testcase classname="org.ats.ecom_testing.tests.VerifyProductCategoriesTest" name="verifyProductCategoriesTest" time="39.443"/>
</testsuite> <!-- org.ats.ecom_testing.tests.VerifyProductCategoriesTest -->
