<?xml version="1.0" encoding="UTF-8"?>
<!-- Generated by org.testng.reporters.JUnitReportReporter -->
<testsuite hostname="Athul_Sebastian" failures="0" tests="1" name="org.ats.ecom_testing.tests.LoginWithCorrectCreds" time="36.333" errors="0" timestamp="2025-07-12T17:52:03 IST" skipped="0">
  <testcase classname="org.ats.ecom_testing.tests.LoginWithCorrectCreds" name="loginWithCorrectCredentials" time="36.333"/>
</testsuite> <!-- org.ats.ecom_testing.tests.LoginWithCorrectCreds -->
