<?xml version="1.0" encoding="UTF-8"?>
<!-- Generated by org.testng.reporters.JUnitReportReporter -->
<testsuite hostname="Athul_Sebastian" failures="0" tests="1" name="org.ats.ecom_testing.tests.ScrollArrowButtonTest" time="31.124" errors="0" timestamp="2025-07-14T18:38:41 IST" skipped="0">
  <testcase classname="org.ats.ecom_testing.tests.ScrollArrowButtonTest" name="scrollArrowTest" time="31.124"/>
</testsuite> <!-- org.ats.ecom_testing.tests.ScrollArrowButtonTest -->
